<?xml version="1.0" encoding="UTF-8"?>
<!-- Generated by org.testng.reporters.JUnitReportReporter -->
<testsuite skipped="0" hostname="DESKTOP-1BCGUCT" name="com.WebAutomation.testcases.TC1_WebTable" tests="1" failures="0" timestamp="2021-06-05T14:58:39 IST" time="24.364" errors="0">
  <testcase name="AddUser" time="24.364" classname="com.WebAutomation.testcases.TC1_WebTable"/>
  <system-out/>
</testsuite> <!-- com.WebAutomation.testcases.TC1_WebTable -->
