<?xml version="1.0" encoding="UTF-8"?>
<!-- Generated by org.testng.reporters.JUnitReportReporter -->
<testsuite skipped="0" hostname="DESKTOP-1BCGUCT" name="com.ThoughtWorks.WebAutomation.testcases.TC2_ErrorValidaiton" tests="1" failures="0" timestamp="2021-04-22T12:05:59 IST" time="22.262" errors="0">
  <testcase name="tc" time="22.262" classname="com.ThoughtWorks.WebAutomation.testcases.TC2_ErrorValidaiton"/>
  <system-out/>
</testsuite> <!-- com.ThoughtWorks.WebAutomation.testcases.TC2_ErrorValidaiton -->
